2026-03-11 15:52:03 WARN  TestNGContentHandler:133 - It is strongly recommended to add "<!DOCTYPE suite SYSTEM "https://testng.org/testng-1.1.dtd" >" at the top of the suite file [C:\Users\2457366\IdeaProjects\FinalProject\testng.xml] otherwise TestNG may fail or not work as expected.
2026-03-11 15:52:03 INFO  Utils:112 - [TestNG] Running:
  C:\Users\2457366\IdeaProjects\FinalProject\testng.xml

2026-03-11 15:52:04 INFO  ExtentReportUtility:54 - Extent Report initialized: Test-Report-2026.03.11.15.52.03.html
2026-03-11 15:52:18 WARN  TestNGContentHandler:133 - It is strongly recommended to add "<!DOCTYPE suite SYSTEM "https://testng.org/testng-1.1.dtd" >" at the top of the suite file [C:\Users\2457366\IdeaProjects\FinalProject\testng.xml] otherwise TestNG may fail or not work as expected.
2026-03-11 15:52:19 INFO  Utils:112 - [TestNG] Running:
  C:\Users\2457366\IdeaProjects\FinalProject\testng.xml

2026-03-11 15:52:19 INFO  ExtentReportUtility:54 - Extent Report initialized: Test-Report-2026.03.11.15.52.19.html
2026-03-11 15:52:29 INFO  ExtentReportUtility:17 - fillCarLoanDetailsTest Started
2026-03-11 15:52:29 INFO  CarLoanTest:11 - CarLoan Test has started...
2026-03-11 15:52:31 INFO  CarLoanTest:20 - Principal Amount is:₹ 1,19,650
2026-03-11 15:52:31 INFO  CarLoanTest:21 - Interest Amount is:₹ 11,875
2026-03-11 15:52:31 INFO  CarLoanTest:22 - CarLoan Test has completed...
2026-03-11 15:52:31 INFO  ExtentReportUtility:22 - Test Passed: fillCarLoanDetails passed
2026-03-11 15:52:45 INFO  ExtentReportUtility:17 - validateEMICalculator_LoanAmountTest Started
2026-03-11 15:52:51 INFO  ExtentReportUtility:22 - Test Passed: validateEMICalculator_LoanAmount passed
2026-03-11 15:52:51 INFO  ExtentReportUtility:17 - validateEMICalculator_LoanInterestTest Started
2026-03-11 15:52:52 INFO  ExtentReportUtility:22 - Test Passed: validateEMICalculator_LoanInterest passed
2026-03-11 15:52:52 INFO  ExtentReportUtility:17 - validateEMICalculator_LoanTenureTest Started
2026-03-11 15:52:53 INFO  ExtentReportUtility:22 - Test Passed: validateEMICalculator_LoanTenure passed
2026-03-11 15:52:53 INFO  ExtentReportUtility:17 - validateMonthBtnTest Started
2026-03-11 15:52:53 INFO  ExtentReportUtility:22 - Test Passed: validateMonthBtn passed
2026-03-11 15:52:53 INFO  ExtentReportUtility:17 - validateEMICalculator_LoanChargesTest Started
2026-03-11 15:52:54 INFO  ExtentReportUtility:22 - Test Passed: validateEMICalculator_LoanCharges passed
2026-03-11 15:53:09 INFO  ExtentReportUtility:17 - validateLoanAmtCalBtnTest Started
2026-03-11 15:53:14 INFO  ExtentReportUtility:22 - Test Passed: validateLoanAmtCalBtn passed
2026-03-11 15:53:14 INFO  ExtentReportUtility:17 - validateLoanAmountCalculator_EMITest Started
2026-03-11 15:53:15 INFO  ExtentReportUtility:22 - Test Passed: validateLoanAmountCalculator_EMI passed
2026-03-11 15:53:15 INFO  ExtentReportUtility:17 - validateLoanAmountCalculator_InterestTest Started
2026-03-11 15:53:16 INFO  ExtentReportUtility:22 - Test Passed: validateLoanAmountCalculator_Interest passed
2026-03-11 15:53:16 INFO  ExtentReportUtility:17 - validateLoanAmountCalculator_TenureTest Started
2026-03-11 15:53:17 INFO  ExtentReportUtility:22 - Test Passed: validateLoanAmountCalculator_Tenure passed
2026-03-11 15:53:17 INFO  ExtentReportUtility:17 - validateYearBtnTest Started
2026-03-11 15:53:18 INFO  ExtentReportUtility:22 - Test Passed: validateYearBtn passed
2026-03-11 15:53:18 INFO  ExtentReportUtility:17 - validateLoanAmountCalculator_ChargesTest Started
2026-03-11 15:53:19 INFO  ExtentReportUtility:22 - Test Passed: validateLoanAmountCalculator_Charges passed
2026-03-11 15:53:32 INFO  ExtentReportUtility:17 - validateLoanTenureIconTest Started
2026-03-11 15:53:37 INFO  ExtentReportUtility:22 - Test Passed: validateLoanTenureIcon passed
2026-03-11 15:53:37 INFO  ExtentReportUtility:17 - validateLoanTenureCalculator_LoanAmountTest Started
2026-03-11 15:53:38 INFO  ExtentReportUtility:22 - Test Passed: validateLoanTenureCalculator_LoanAmount passed
2026-03-11 15:53:38 INFO  ExtentReportUtility:17 - validateLoanTenureCalculator_EMITest Started
2026-03-11 15:53:39 INFO  ExtentReportUtility:22 - Test Passed: validateLoanTenureCalculator_EMI passed
2026-03-11 15:53:39 INFO  ExtentReportUtility:17 - validateLoanTenureCalculator_InterestTest Started
2026-03-11 15:53:40 INFO  ExtentReportUtility:22 - Test Passed: validateLoanTenureCalculator_Interest passed
2026-03-11 15:53:40 INFO  ExtentReportUtility:17 - validateLoanTenureCalculator_ChargesTest Started
2026-03-11 15:53:41 INFO  ExtentReportUtility:22 - Test Passed: validateLoanTenureCalculator_Charges passed
2026-03-11 15:53:48 INFO  ExtentReportUtility:102 - Extent Report flushed.
